# JRE version: Java(TM) SE Runtime Environment (8.0_241-b07) (build 1.8.0_241-b07)
# Java VM: Java HotSpot(TM) 64-Bit Server VM (25.241-b07 mixed mode windows-amd64 compressed oops)
Heap:
 PSYoungGen      total 560640K, used 283228K [0x000000076b500000, 0x000000078f280000, 0x00000007c0000000)
  eden space 543744K, 48% used [0x000000076b500000,0x000000077b91c2a8,0x000000078c800000)
  from space 16896K, 99% used [0x000000078dd00000,0x000000078ed7b040,0x000000078ed80000)
  to   space 21504K, 0% used [0x000000078c800000,0x000000078c800000,0x000000078dd00000)
 ParOldGen       total 183296K, used 31729K [0x00000006c1e00000, 0x00000006cd100000, 0x000000076b500000)
  object space 183296K, 17% used [0x00000006c1e00000,0x00000006c3cfc6c8,0x00000006cd100000)
 Metaspace       used 80169K, capacity 83994K, committed 84312K, reserved 1122304K
  class space    used 10842K, capacity 11481K, committed 11608K, reserved 1048576K
GC Heap History (10 events):
Event: 12.895 GC heap before
{Heap before GC invocations=15 (full 2):
 PSYoungGen      total 279552K, used 271360K [0x000000076b500000, 0x000000077d100000, 0x00000007c0000000)
  eden space 271360K, 100% used [0x000000076b500000,0x000000077be00000,0x000000077be00000)
  from space 8192K, 0% used [0x000000077c900000,0x000000077c900000,0x000000077d100000)
  to   space 9728K, 0% used [0x000000077be00000,0x000000077be00000,0x000000077c780000)
 ParOldGen       total 150016K, used 16657K [0x00000006c1e00000, 0x00000006cb080000, 0x000000076b500000)
  object space 150016K, 11% used [0x00000006c1e00000,0x00000006c2e44520,0x00000006cb080000)
 Metaspace       used 45661K, capacity 47772K, committed 47960K, reserved 1091584K
  class space    used 6066K, capacity 6454K, committed 6488K, reserved 1048576K
Event: 12.917 GC heap after
Heap after GC invocations=15 (full 2):
 PSYoungGen      total 281088K, used 9697K [0x000000076b500000, 0x0000000784780000, 0x00000007c0000000)
  eden space 271360K, 0% used [0x000000076b500000,0x000000076b500000,0x000000077be00000)
  from space 9728K, 99% used [0x000000077be00000,0x000000077c7784a8,0x000000077c780000)
  to   space 13312K, 0% used [0x0000000783a80000,0x0000000783a80000,0x0000000784780000)
 ParOldGen       total 150016K, used 24218K [0x00000006c1e00000, 0x00000006cb080000, 0x000000076b500000)
  object space 150016K, 16% used [0x00000006c1e00000,0x00000006c35a6bc0,0x00000006cb080000)
 Metaspace       used 45661K, capacity 47772K, committed 47960K, reserved 1091584K
  class space    used 6066K, capacity 6454K, committed 6488K, reserved 1048576K
}
Event: 19.798 GC heap before
{Heap before GC invocations=16 (full 2):
 PSYoungGen      total 281088K, used 281057K [0x000000076b500000, 0x0000000784780000, 0x00000007c0000000)
  eden space 271360K, 100% used [0x000000076b500000,0x000000077be00000,0x000000077be00000)
  from space 9728K, 99% used [0x000000077be00000,0x000000077c7784a8,0x000000077c780000)
  to   space 13312K, 0% used [0x0000000783a80000,0x0000000783a80000,0x0000000784780000)
 ParOldGen       total 150016K, used 24218K [0x00000006c1e00000, 0x00000006cb080000, 0x000000076b500000)
  object space 150016K, 16% used [0x00000006c1e00000,0x00000006c35a6bc0,0x00000006cb080000)
 Metaspace       used 55178K, capacity 57706K, committed 57944K, reserved 1099776K
  class space    used 7280K, capacity 7739K, committed 7768K, reserved 1048576K
Event: 19.816 GC heap after
Heap after GC invocations=16 (full 2):
 PSYoungGen      total 389632K, used 13300K [0x000000076b500000, 0x0000000784780000, 0x00000007c0000000)
  eden space 376320K, 0% used [0x000000076b500000,0x000000076b500000,0x0000000782480000)
  from space 13312K, 99% used [0x0000000783a80000,0x000000078477d168,0x0000000784780000)
  to   space 17408K, 0% used [0x0000000782580000,0x0000000782580000,0x0000000783680000)
 ParOldGen       total 150016K, used 30803K [0x00000006c1e00000, 0x00000006cb080000, 0x000000076b500000)
  object space 150016K, 20% used [0x00000006c1e00000,0x00000006c3c14df8,0x00000006cb080000)
 Metaspace       used 55178K, capacity 57706K, committed 57944K, reserved 1099776K
  class space    used 7280K, capacity 7739K, committed 7768K, reserved 1048576K
}
Event: 19.968 GC heap before
{Heap before GC invocations=17 (full 2):
 PSYoungGen      total 389632K, used 33335K [0x000000076b500000, 0x0000000784780000, 0x00000007c0000000)
  eden space 376320K, 5% used [0x000000076b500000,0x000000076c890e88,0x0000000782480000)
  from space 13312K, 99% used [0x0000000783a80000,0x000000078477d168,0x0000000784780000)
  to   space 17408K, 0% used [0x0000000782580000,0x0000000782580000,0x0000000783680000)
 ParOldGen       total 150016K, used 30803K [0x00000006c1e00000, 0x00000006cb080000, 0x000000076b500000)
  object space 150016K, 20% used [0x00000006c1e00000,0x00000006c3c14df8,0x00000006cb080000)
 Metaspace       used 56258K, capacity 58842K, committed 58968K, reserved 1099776K
  class space    used 7460K, capacity 7941K, committed 8024K, reserved 1048576K
Event: 19.980 GC heap after
Heap after GC invocations=17 (full 2):
 PSYoungGen      total 394752K, used 6802K [0x000000076b500000, 0x000000078ed80000, 0x00000007c0000000)
  eden space 377344K, 0% used [0x000000076b500000,0x000000076b500000,0x0000000782580000)
  from space 17408K, 39% used [0x0000000782580000,0x0000000782c24a18,0x0000000783680000)
  to   space 16896K, 0% used [0x000000078dd00000,0x000000078dd00000,0x000000078ed80000)
 ParOldGen       total 150016K, used 37435K [0x00000006c1e00000, 0x00000006cb080000, 0x000000076b500000)
  object space 150016K, 24% used [0x00000006c1e00000,0x00000006c428ee88,0x00000006cb080000)
 Metaspace       used 56258K, capacity 58842K, committed 58968K, reserved 1099776K
  class space    used 7460K, capacity 7941K, committed 8024K, reserved 1048576K
}
Event: 19.980 GC heap before
{Heap before GC invocations=18 (full 3):
 PSYoungGen      total 394752K, used 6802K [0x000000076b500000, 0x000000078ed80000, 0x00000007c0000000)
  eden space 377344K, 0% used [0x000000076b500000,0x000000076b500000,0x0000000782580000)
  from space 17408K, 39% used [0x0000000782580000,0x0000000782c24a18,0x0000000783680000)
  to   space 16896K, 0% used [0x000000078dd00000,0x000000078dd00000,0x000000078ed80000)
 ParOldGen       total 150016K, used 37435K [0x00000006c1e00000, 0x00000006cb080000, 0x000000076b500000)
  object space 150016K, 24% used [0x00000006c1e00000,0x00000006c428ee88,0x00000006cb080000)
 Metaspace       used 56258K, capacity 58842K, committed 58968K, reserved 1099776K
  class space    used 7460K, capacity 7941K, committed 8024K, reserved 1048576K
Event: 20.092 GC heap after
Heap after GC invocations=18 (full 3):
 PSYoungGen      total 394752K, used 0K [0x000000076b500000, 0x000000078ed80000, 0x00000007c0000000)
  eden space 377344K, 0% used [0x000000076b500000,0x000000076b500000,0x0000000782580000)
  from space 17408K, 0% used [0x0000000782580000,0x0000000782580000,0x0000000783680000)
  to   space 16896K, 0% used [0x000000078dd00000,0x000000078dd00000,0x000000078ed80000)
 ParOldGen       total 183296K, used 24620K [0x00000006c1e00000, 0x00000006cd100000, 0x000000076b500000)
  object space 183296K, 13% used [0x00000006c1e00000,0x00000006c360b1e0,0x00000006cd100000)
 Metaspace       used 56258K, capacity 58842K, committed 58968K, reserved 1099776K
  class space    used 7460K, capacity 7941K, committed 8024K, reserved 1048576K
}
Event: 25.421 GC heap before
{Heap before GC invocations=19 (full 3):
 PSYoungGen      total 394752K, used 377344K [0x000000076b500000, 0x000000078ed80000, 0x00000007c0000000)
  eden space 377344K, 100% used [0x000000076b500000,0x0000000782580000,0x0000000782580000)
  from space 17408K, 0% used [0x0000000782580000,0x0000000782580000,0x0000000783680000)
  to   space 16896K, 0% used [0x000000078dd00000,0x000000078dd00000,0x000000078ed80000)
 ParOldGen       total 183296K, used 24620K [0x00000006c1e00000, 0x00000006cd100000, 0x000000076b500000)
  object space 183296K, 13% used [0x00000006c1e00000,0x00000006c360b1e0,0x00000006cd100000)
 Metaspace       used 75587K, capacity 78706K, committed 78936K, reserved 1118208K
  class space    used 10246K, capacity 10819K, committed 10840K, reserved 1048576K
Event: 25.511 GC heap after
Heap after GC invocations=19 (full 3):
 PSYoungGen      total 560640K, used 16876K [0x000000076b500000, 0x000000078f280000, 0x00000007c0000000)
  eden space 543744K, 0% used [0x000000076b500000,0x000000076b500000,0x000000078c800000)
  from space 16896K, 99% used [0x000000078dd00000,0x000000078ed7b040,0x000000078ed80000)
  to   space 21504K, 0% used [0x000000078c800000,0x000000078c800000,0x000000078dd00000)
 ParOldGen       total 183296K, used 31729K [0x00000006c1e00000, 0x00000006cd100000, 0x000000076b500000)
  object space 183296K, 17% used [0x00000006c1e00000,0x00000006c3cfc6c8,0x00000006cd100000)
 Metaspace       used 75587K, capacity 78706K, committed 78936K, reserved 1118208K
  class space    used 10246K, capacity 10819K, committed 10840K, reserved 1048576K
}

