# JRE version: Java(TM) SE Runtime Environment (8.0_241-b07) (build 1.8.0_241-b07)
# Java VM: Java HotSpot(TM) 64-Bit Server VM (25.241-b07 mixed mode windows-amd64 compressed oops)
Heap:
 PSYoungGen      total 76288K, used 56937K [0x000000076b500000, 0x0000000772700000, 0x00000007c0000000)
  eden space 65536K, 81% used [0x000000076b500000,0x000000076e8f9060,0x000000076f500000)
  from space 10752K, 34% used [0x000000076f500000,0x000000076f8a13f8,0x000000076ff80000)
  to   space 10752K, 0% used [0x0000000771c80000,0x0000000771c80000,0x0000000772700000)
 ParOldGen       total 104448K, used 9224K [0x00000006c1e00000, 0x00000006c8400000, 0x000000076b500000)
  object space 104448K, 8% used [0x00000006c1e00000,0x00000006c2702098,0x00000006c8400000)
 Metaspace       used 28506K, capacity 29586K, committed 29824K, reserved 1075200K
  class space    used 3641K, capacity 3885K, committed 3968K, reserved 1048576K
GC Heap History (10 events):
Event: 1.504 GC heap before
{Heap before GC invocations=2 (full 0):
 PSYoungGen      total 76288K, used 72784K [0x000000076b500000, 0x0000000770a00000, 0x00000007c0000000)
  eden space 65536K, 100% used [0x000000076b500000,0x000000076f500000,0x000000076f500000)
  from space 10752K, 67% used [0x000000076f500000,0x000000076fc14160,0x000000076ff80000)
  to   space 10752K, 0% used [0x000000076ff80000,0x000000076ff80000,0x0000000770a00000)
 ParOldGen       total 175104K, used 16K [0x00000006c1e00000, 0x00000006cc900000, 0x000000076b500000)
  object space 175104K, 0% used [0x00000006c1e00000,0x00000006c1e04000,0x00000006cc900000)
 Metaspace       used 14597K, capacity 15122K, committed 15360K, reserved 1062912K
  class space    used 1854K, capacity 1973K, committed 2048K, reserved 1048576K
Event: 1.509 GC heap after
Heap after GC invocations=2 (full 0):
 PSYoungGen      total 76288K, used 6562K [0x000000076b500000, 0x0000000770a00000, 0x00000007c0000000)
  eden space 65536K, 0% used [0x000000076b500000,0x000000076b500000,0x000000076f500000)
  from space 10752K, 61% used [0x000000076ff80000,0x00000007705e8a30,0x0000000770a00000)
  to   space 10752K, 0% used [0x000000076f500000,0x000000076f500000,0x000000076ff80000)
 ParOldGen       total 175104K, used 24K [0x00000006c1e00000, 0x00000006cc900000, 0x000000076b500000)
  object space 175104K, 0% used [0x00000006c1e00000,0x00000006c1e06000,0x00000006cc900000)
 Metaspace       used 14597K, capacity 15122K, committed 15360K, reserved 1062912K
  class space    used 1854K, capacity 1973K, committed 2048K, reserved 1048576K
}
Event: 1.720 GC heap before
{Heap before GC invocations=3 (full 0):
 PSYoungGen      total 76288K, used 69834K [0x000000076b500000, 0x0000000770a00000, 0x00000007c0000000)
  eden space 65536K, 96% used [0x000000076b500000,0x000000076f2ca038,0x000000076f500000)
  from space 10752K, 61% used [0x000000076ff80000,0x00000007705e8a30,0x0000000770a00000)
  to   space 10752K, 0% used [0x000000076f500000,0x000000076f500000,0x000000076ff80000)
 ParOldGen       total 175104K, used 24K [0x00000006c1e00000, 0x00000006cc900000, 0x000000076b500000)
  object space 175104K, 0% used [0x00000006c1e00000,0x00000006c1e06000,0x00000006cc900000)
 Metaspace       used 20407K, capacity 21020K, committed 21248K, reserved 1067008K
  class space    used 2561K, capacity 2714K, committed 2816K, reserved 1048576K
Event: 1.725 GC heap after
Heap after GC invocations=3 (full 0):
 PSYoungGen      total 76288K, used 9481K [0x000000076b500000, 0x0000000770a00000, 0x00000007c0000000)
  eden space 65536K, 0% used [0x000000076b500000,0x000000076b500000,0x000000076f500000)
  from space 10752K, 88% used [0x000000076f500000,0x000000076fe42600,0x000000076ff80000)
  to   space 10752K, 0% used [0x000000076ff80000,0x000000076ff80000,0x0000000770a00000)
 ParOldGen       total 175104K, used 96K [0x00000006c1e00000, 0x00000006cc900000, 0x000000076b500000)
  object space 175104K, 0% used [0x00000006c1e00000,0x00000006c1e18010,0x00000006cc900000)
 Metaspace       used 20407K, capacity 21020K, committed 21248K, reserved 1067008K
  class space    used 2561K, capacity 2714K, committed 2816K, reserved 1048576K
}
Event: 1.725 GC heap before
{Heap before GC invocations=4 (full 1):
 PSYoungGen      total 76288K, used 9481K [0x000000076b500000, 0x0000000770a00000, 0x00000007c0000000)
  eden space 65536K, 0% used [0x000000076b500000,0x000000076b500000,0x000000076f500000)
  from space 10752K, 88% used [0x000000076f500000,0x000000076fe42600,0x000000076ff80000)
  to   space 10752K, 0% used [0x000000076ff80000,0x000000076ff80000,0x0000000770a00000)
 ParOldGen       total 175104K, used 96K [0x00000006c1e00000, 0x00000006cc900000, 0x000000076b500000)
  object space 175104K, 0% used [0x00000006c1e00000,0x00000006c1e18010,0x00000006cc900000)
 Metaspace       used 20407K, capacity 21020K, committed 21248K, reserved 1067008K
  class space    used 2561K, capacity 2714K, committed 2816K, reserved 1048576K
Event: 1.745 GC heap after
Heap after GC invocations=4 (full 1):
 PSYoungGen      total 76288K, used 0K [0x000000076b500000, 0x0000000770a00000, 0x00000007c0000000)
  eden space 65536K, 0% used [0x000000076b500000,0x000000076b500000,0x000000076f500000)
  from space 10752K, 0% used [0x000000076f500000,0x000000076f500000,0x000000076ff80000)
  to   space 10752K, 0% used [0x000000076ff80000,0x000000076ff80000,0x0000000770a00000)
 ParOldGen       total 104448K, used 9208K [0x00000006c1e00000, 0x00000006c8400000, 0x000000076b500000)
  object space 104448K, 8% used [0x00000006c1e00000,0x00000006c26fe098,0x00000006c8400000)
 Metaspace       used 20405K, capacity 21014K, committed 21248K, reserved 1067008K
  class space    used 2561K, capacity 2713K, committed 2816K, reserved 1048576K
}
Event: 2.179 GC heap before
{Heap before GC invocations=5 (full 1):
 PSYoungGen      total 76288K, used 65536K [0x000000076b500000, 0x0000000770a00000, 0x00000007c0000000)
  eden space 65536K, 100% used [0x000000076b500000,0x000000076f500000,0x000000076f500000)
  from space 10752K, 0% used [0x000000076f500000,0x000000076f500000,0x000000076ff80000)
  to   space 10752K, 0% used [0x000000076ff80000,0x000000076ff80000,0x0000000770a00000)
 ParOldGen       total 104448K, used 9208K [0x00000006c1e00000, 0x00000006c8400000, 0x000000076b500000)
  object space 104448K, 8% used [0x00000006c1e00000,0x00000006c26fe098,0x00000006c8400000)
 Metaspace       used 24390K, capacity 25278K, committed 25344K, reserved 1071104K
  class space    used 3138K, capacity 3327K, committed 3328K, reserved 1048576K
Event: 2.182 GC heap after
Heap after GC invocations=5 (full 1):
 PSYoungGen      total 76288K, used 5345K [0x000000076b500000, 0x0000000772b80000, 0x00000007c0000000)
  eden space 65536K, 0% used [0x000000076b500000,0x000000076b500000,0x000000076f500000)
  from space 10752K, 49% used [0x000000076ff80000,0x00000007704b8508,0x0000000770a00000)
  to   space 10752K, 0% used [0x000000076f500000,0x000000076f500000,0x000000076ff80000)
 ParOldGen       total 104448K, used 9216K [0x00000006c1e00000, 0x00000006c8400000, 0x000000076b500000)
  object space 104448K, 8% used [0x00000006c1e00000,0x00000006c2700098,0x00000006c8400000)
 Metaspace       used 24390K, capacity 25278K, committed 25344K, reserved 1071104K
  class space    used 3138K, capacity 3327K, committed 3328K, reserved 1048576K
}
Event: 4.445 GC heap before
{Heap before GC invocations=6 (full 1):
 PSYoungGen      total 76288K, used 70868K [0x000000076b500000, 0x0000000772b80000, 0x00000007c0000000)
  eden space 65536K, 99% used [0x000000076b500000,0x000000076f4fcc98,0x000000076f500000)
  from space 10752K, 49% used [0x000000076ff80000,0x00000007704b8508,0x0000000770a00000)
  to   space 10752K, 0% used [0x000000076f500000,0x000000076f500000,0x000000076ff80000)
 ParOldGen       total 104448K, used 9216K [0x00000006c1e00000, 0x00000006c8400000, 0x000000076b500000)
  object space 104448K, 8% used [0x00000006c1e00000,0x00000006c2700098,0x00000006c8400000)
 Metaspace       used 26790K, capacity 27770K, committed 27904K, reserved 1073152K
  class space    used 3485K, capacity 3713K, committed 3840K, reserved 1048576K
Event: 4.448 GC heap after
Heap after GC invocations=6 (full 1):
 PSYoungGen      total 76288K, used 3716K [0x000000076b500000, 0x0000000772700000, 0x00000007c0000000)
  eden space 65536K, 0% used [0x000000076b500000,0x000000076b500000,0x000000076f500000)
  from space 10752K, 34% used [0x000000076f500000,0x000000076f8a13f8,0x000000076ff80000)
  to   space 10752K, 0% used [0x0000000771c80000,0x0000000771c80000,0x0000000772700000)
 ParOldGen       total 104448K, used 9224K [0x00000006c1e00000, 0x00000006c8400000, 0x000000076b500000)
  object space 104448K, 8% used [0x00000006c1e00000,0x00000006c2702098,0x00000006c8400000)
 Metaspace       used 26790K, capacity 27770K, committed 27904K, reserved 1073152K
  class space    used 3485K, capacity 3713K, committed 3840K, reserved 1048576K
}

